0 verbose cli C:\Program Files\nodejs\node.exe C:\Program Files\nodejs\node_modules\npm\bin\npm-cli.js
1 info using npm@10.5.0
2 info using node@v20.12.0
3 timing npm:load:whichnode Completed in 14ms
4 timing config:load:defaults Completed in 13ms
5 timing config:load:file:C:\Users\leoab\AppData\Roaming\nvm\v16.20.2\node_modules\npm\npmrc Completed in 8ms
6 timing config:load:builtin Completed in 9ms
7 timing config:load:cli Completed in 15ms
8 timing config:load:env Completed in 1ms
9 timing config:load:project Completed in 17ms
10 timing config:load:file:C:\Users\leoab\.npmrc Completed in 4ms
11 timing config:load:user Completed in 5ms
12 timing config:load:file:C:\Users\leoab\AppData\Roaming\npm\etc\npmrc Completed in 4ms
13 timing config:load:global Completed in 4ms
14 timing config:load:setEnvs Completed in 3ms
15 timing config:load Completed in 69ms
16 timing npm:load:configload Completed in 69ms
17 timing config:load:flatten Completed in 8ms
18 timing npm:load:mkdirpcache Completed in 29ms
19 timing npm:load:mkdirplogs Completed in 2ms
20 verbose title npm prefix
21 verbose argv "prefix" "--global"
22 timing npm:load:setTitle Completed in 12ms
23 timing npm:load:display Completed in 4ms
24 verbose logfile logs-max:10 dir:C:\Users\leoab\Desktop\Projects\find_jobs\UsersleoabAppDataRoamingnpm-cache\_logs\2024-06-21T10_40_37_040Z-
25 verbose logfile C:\Users\leoab\Desktop\Projects\find_jobs\UsersleoabAppDataRoamingnpm-cache\_logs\2024-06-21T10_40_37_040Z-debug-0.log
26 timing npm:load:logFile Completed in 25ms
27 timing npm:load:timers Completed in 0ms
28 timing npm:load:configScope Completed in 0ms
29 timing npm:load Completed in 259ms
30 timing command:prefix Completed in 7ms
31 verbose exit 0
32 timing npm Completed in 540ms
33 info ok
